Using pre-set license
Built from '2020.2/release' branch; Version is '2020.2.0f1 (3721df5a8b28) revision 3613151'; Using compiler version '192528614'; Build Type 'Release'
OS: 'Windows 10  (10.0.0) 64bit' Language: 'en' Physical Memory: 32675 MB
BatchMode: 1, IsHumanControllingUs: 0, StartBugReporterOnCrash: 0, Is64bit: 1, IsPro: 0

 COMMAND LINE ARGUMENTS:
C:\Program Files\Unity\Hub\Editor\2020.2.0f1\Editor\Unity.exe
-adb2
-batchMode
-noUpm
-name
AssetImportWorker0
-projectPath
C:/Users/mikes/Documents/GitHub/Android-Mobile-Game/Android Mobile Game
-logFile
Logs/AssetImportWorker0.log
-srvPort
55128
Successfully changed project path to: C:/Users/mikes/Documents/GitHub/Android-Mobile-Game/Android Mobile Game
C:/Users/mikes/Documents/GitHub/Android-Mobile-Game/Android Mobile Game
Using Asset Import Pipeline V2.
Refreshing native plugins compatible for Editor in 19.69 ms, found 0 plugins.
Preloading 0 native plugins for Editor in 0.00 ms.
Initialize engine version: 2020.2.0f1 (3721df5a8b28)
[Subsystems] Discovering subsystems at path C:/Program Files/Unity/Hub/Editor/2020.2.0f1/Editor/Data/Resources/UnitySubsystems
[Subsystems] Discovering subsystems at path C:/Users/mikes/Documents/GitHub/Android-Mobile-Game/Android Mobile Game/Assets
GfxDevice: creating device client; threaded=0
Direct3D:
    Version:  Direct3D 11.0 [level 11.1]
    Renderer: NVIDIA GeForce RTX 3090 (ID=0x2204)
    Vendor:   
    VRAM:     24348 MB
    Driver:   27.21.14.6089
Initialize mono
Mono path[0] = 'C:/Program Files/Unity/Hub/Editor/2020.2.0f1/Editor/Data/Managed'
Mono path[1] = 'C:/Program Files/Unity/Hub/Editor/2020.2.0f1/Editor/Data/MonoBleedingEdge/lib/mono/unityjit'
Mono config path = 'C:/Program Files/Unity/Hub/Editor/2020.2.0f1/Editor/Data/MonoBleedingEdge/etc'
Using monoOptions --debugger-agent=transport=dt_socket,embedding=1,server=y,suspend=n,address=127.0.0.1:56496
Begin MonoManager ReloadAssembly
Registering precompiled unity dll's ...
Register platform support module: C:/Program Files/Unity/Hub/Editor/2020.2.0f1/Editor/Data/PlaybackEngines/WindowsStandaloneSupport/UnityEditor.WindowsStandalone.Extensions.dll
Registered in 0.001499 seconds.
Native extension for WindowsStandalone target not found
Refreshing native plugins compatible for Editor in 19.70 ms, found 0 plugins.
Preloading 0 native plugins for Editor in 0.00 ms.
Invoked RoslynAnalysisRunner static constructor.
RoslynAnalysisRunner will not be running.
RoslynAnalysisRunner has terminated.
Mono: successfully reloaded assembly
- Completed reload, in  1.560 seconds
Platform modules already initialized, skipping
Registering precompiled user dll's ...
Registered in 0.000861 seconds.
Begin MonoManager ReloadAssembly
Native extension for WindowsStandalone target not found
Refreshing native plugins compatible for Editor in 0.21 ms, found 0 plugins.
Preloading 0 native plugins for Editor in 0.00 ms.
Invoked RoslynAnalysisRunner static constructor.
RoslynAnalysisRunner will not be running.
RoslynAnalysisRunner has terminated.
Mono: successfully reloaded assembly
- Completed reload, in  0.653 seconds
Platform modules already initialized, skipping
========================================================================
Worker process is ready to serve import requests
Launched and connected shader compiler UnityShaderCompiler.exe after 0.05 seconds
Refreshing native plugins compatible for Editor in 0.23 ms, found 0 plugins.
Preloading 0 native plugins for Editor in 0.00 ms.
Unloading 1120 Unused Serialized files (Serialized files now loaded: 0)
System memory in use before: 59.6 MB.
System memory in use after: 59.6 MB.

Unloading 9 unused Assets to reduce memory usage. Loaded Objects now: 1560.
Total: 1.551500 ms (FindLiveObjects: 0.134000 ms CreateObjectMapping: 0.024900 ms MarkObjects: 1.355600 ms  DeleteObjects: 0.036400 ms)

========================================================================
Received Import Request.
  path: Assets/Scenes/Level4.unity
  artifactKey: Guid(01f2053dd0925df4c830d3b9480f4ce0) Importer(815301076,1909f56bfc062723c751e8b465ee728b)
Start importing Assets/Scenes/Level4.unity using Guid(01f2053dd0925df4c830d3b9480f4ce0) Importer(815301076,1909f56bfc062723c751e8b465ee728b)  -> (artifact id: '7966cf26393aafc0895560f14127c7ff') in 0.010308 seconds
  Import took 0.011883 seconds .

========================================================================
Received Import Request.
  Time since last request: 0.000158 seconds.
  path: Assets/Scenes/Level5.unity
  artifactKey: Guid(950d549774616a4448269b92c727bf07) Importer(815301076,1909f56bfc062723c751e8b465ee728b)
Start importing Assets/Scenes/Level5.unity using Guid(950d549774616a4448269b92c727bf07) Importer(815301076,1909f56bfc062723c751e8b465ee728b)  -> (artifact id: '5366a753d1021dead3ebaa0fd9e15a47') in 0.003179 seconds
  Import took 0.004524 seconds .

========================================================================
Received Import Request.
  Time since last request: 35.279795 seconds.
  path: Assets/Scenes/Level31.unity
  artifactKey: Guid(6b8e6087922d0d1429e3a8bf65dc333b) Importer(815301076,1909f56bfc062723c751e8b465ee728b)
Start importing Assets/Scenes/Level31.unity using Guid(6b8e6087922d0d1429e3a8bf65dc333b) Importer(815301076,1909f56bfc062723c751e8b465ee728b)  -> (artifact id: 'c2f768e929c470c2005bab23814bb080') in 0.003644 seconds
  Import took 0.005355 seconds .

========================================================================
Received Import Request.
  Time since last request: 2.010056 seconds.
  path: Assets/Scenes/Level32.unity
  artifactKey: Guid(e302b5a6e9a19ec44a5fabaea46119a9) Importer(815301076,1909f56bfc062723c751e8b465ee728b)
Start importing Assets/Scenes/Level32.unity using Guid(e302b5a6e9a19ec44a5fabaea46119a9) Importer(815301076,1909f56bfc062723c751e8b465ee728b)  -> (artifact id: '3bc85aa9202ce1bbe10037bedbe95d21') in 0.003836 seconds
  Import took 0.005467 seconds .

========================================================================
Received Import Request.
  Time since last request: 2.250414 seconds.
  path: Assets/Scenes/Level33.unity
  artifactKey: Guid(9591d94ab8656244fbcaafa6f9808d36) Importer(815301076,1909f56bfc062723c751e8b465ee728b)
Start importing Assets/Scenes/Level33.unity using Guid(9591d94ab8656244fbcaafa6f9808d36) Importer(815301076,1909f56bfc062723c751e8b465ee728b)  -> (artifact id: '07f6c07731d58cdfdbf012438ce14a34') in 0.003650 seconds
  Import took 0.005297 seconds .

========================================================================
Received Import Request.
  Time since last request: 1.594742 seconds.
  path: Assets/Scenes/Level34.unity
  artifactKey: Guid(630f4838e9c1be24c87fd902ea086cfb) Importer(815301076,1909f56bfc062723c751e8b465ee728b)
Start importing Assets/Scenes/Level34.unity using Guid(630f4838e9c1be24c87fd902ea086cfb) Importer(815301076,1909f56bfc062723c751e8b465ee728b)  -> (artifact id: '54fce388adc93bf28b06872514a49904') in 0.003589 seconds
  Import took 0.005184 seconds .

========================================================================
Received Import Request.
  Time since last request: 1.426754 seconds.
  path: Assets/Scenes/Level35.unity
  artifactKey: Guid(d158c7002b4f1c3418e641e130c625e5) Importer(815301076,1909f56bfc062723c751e8b465ee728b)
Start importing Assets/Scenes/Level35.unity using Guid(d158c7002b4f1c3418e641e130c625e5) Importer(815301076,1909f56bfc062723c751e8b465ee728b)  -> (artifact id: 'bbff19e7191d6f8a79a8976b43ad4752') in 0.003731 seconds
  Import took 0.005337 seconds .

