Using pre-set license
Built from '2020.2/release' branch; Version is '2020.2.0f1 (3721df5a8b28) revision 3613151'; Using compiler version '192528614'; Build Type 'Release'
OS: 'Windows 10  (10.0.0) 64bit' Language: 'en' Physical Memory: 32675 MB
BatchMode: 1, IsHumanControllingUs: 0, StartBugReporterOnCrash: 0, Is64bit: 1, IsPro: 0

 COMMAND LINE ARGUMENTS:
C:\Program Files\Unity\Hub\Editor\2020.2.0f1\Editor\Unity.exe
-adb2
-batchMode
-noUpm
-name
AssetImportWorker0
-projectPath
C:/Users/mikes/Documents/GitHub/Android-Mobile-Game/Android Mobile Game
-logFile
Logs/AssetImportWorker0.log
-srvPort
61836
Successfully changed project path to: C:/Users/mikes/Documents/GitHub/Android-Mobile-Game/Android Mobile Game
C:/Users/mikes/Documents/GitHub/Android-Mobile-Game/Android Mobile Game
Using Asset Import Pipeline V2.
Refreshing native plugins compatible for Editor in 20.66 ms, found 0 plugins.
Preloading 0 native plugins for Editor in 0.00 ms.
Initialize engine version: 2020.2.0f1 (3721df5a8b28)
[Subsystems] Discovering subsystems at path C:/Program Files/Unity/Hub/Editor/2020.2.0f1/Editor/Data/Resources/UnitySubsystems
[Subsystems] Discovering subsystems at path C:/Users/mikes/Documents/GitHub/Android-Mobile-Game/Android Mobile Game/Assets
GfxDevice: creating device client; threaded=0
Direct3D:
    Version:  Direct3D 11.0 [level 11.1]
    Renderer: NVIDIA GeForce RTX 3090 (ID=0x2204)
    Vendor:   
    VRAM:     24348 MB
    Driver:   27.21.14.6089
Initialize mono
Mono path[0] = 'C:/Program Files/Unity/Hub/Editor/2020.2.0f1/Editor/Data/Managed'
Mono path[1] = 'C:/Program Files/Unity/Hub/Editor/2020.2.0f1/Editor/Data/MonoBleedingEdge/lib/mono/unityjit'
Mono config path = 'C:/Program Files/Unity/Hub/Editor/2020.2.0f1/Editor/Data/MonoBleedingEdge/etc'
Using monoOptions --debugger-agent=transport=dt_socket,embedding=1,server=y,suspend=n,address=127.0.0.1:56804
Begin MonoManager ReloadAssembly
Registering precompiled unity dll's ...
Register platform support module: C:/Program Files/Unity/Hub/Editor/2020.2.0f1/Editor/Data/PlaybackEngines/WindowsStandaloneSupport/UnityEditor.WindowsStandalone.Extensions.dll
Registered in 0.001810 seconds.
Native extension for WindowsStandalone target not found
Refreshing native plugins compatible for Editor in 20.09 ms, found 0 plugins.
Preloading 0 native plugins for Editor in 0.00 ms.
Invoked RoslynAnalysisRunner static constructor.
RoslynAnalysisRunner will not be running.
RoslynAnalysisRunner has terminated.
Mono: successfully reloaded assembly
- Completed reload, in  1.686 seconds
Platform modules already initialized, skipping
Registering precompiled user dll's ...
Registered in 0.000913 seconds.
Begin MonoManager ReloadAssembly
Native extension for WindowsStandalone target not found
Refreshing native plugins compatible for Editor in 0.21 ms, found 0 plugins.
Preloading 0 native plugins for Editor in 0.00 ms.
Invoked RoslynAnalysisRunner static constructor.
RoslynAnalysisRunner will not be running.
RoslynAnalysisRunner has terminated.
Mono: successfully reloaded assembly
- Completed reload, in  0.684 seconds
Platform modules already initialized, skipping
========================================================================
Worker process is ready to serve import requests
Launched and connected shader compiler UnityShaderCompiler.exe after 0.05 seconds
Refreshing native plugins compatible for Editor in 0.21 ms, found 0 plugins.
Preloading 0 native plugins for Editor in 0.00 ms.
Unloading 1121 Unused Serialized files (Serialized files now loaded: 0)
System memory in use before: 59.6 MB.
System memory in use after: 59.6 MB.

Unloading 9 unused Assets to reduce memory usage. Loaded Objects now: 1561.
Total: 1.371300 ms (FindLiveObjects: 0.150400 ms CreateObjectMapping: 0.025600 ms MarkObjects: 1.150600 ms  DeleteObjects: 0.043400 ms)

========================================================================
Received Import Request.
  path: Assets/Scripts/MusicControl.cs
  artifactKey: Guid(09f986c97508d184fb82f30d989cbd58) Importer(815301076,1909f56bfc062723c751e8b465ee728b)
Start importing Assets/Scripts/MusicControl.cs using Guid(09f986c97508d184fb82f30d989cbd58) Importer(815301076,1909f56bfc062723c751e8b465ee728b)  -> (artifact id: 'ce298dc012caecec587af3ec2efd5ece') in 0.027920 seconds
  Import took 0.029689 seconds .

========================================================================
Received Import Request.
  Time since last request: 114.381940 seconds.
  path: Assets/Scripts/AudioController.cs
  artifactKey: Guid(cc830e72ad4743148bd52011baf48b1b) Importer(815301076,1909f56bfc062723c751e8b465ee728b)
Start importing Assets/Scripts/AudioController.cs using Guid(cc830e72ad4743148bd52011baf48b1b) Importer(815301076,1909f56bfc062723c751e8b465ee728b)  -> (artifact id: 'c663f8446113d87f0325e588e4fef2a8') in 0.003334 seconds
  Import took 0.005124 seconds .

========================================================================
Received Prepare
Registering precompiled user dll's ...
Registered in 0.000544 seconds.
Begin MonoManager ReloadAssembly
Native extension for WindowsStandalone target not found
Refreshing native plugins compatible for Editor in 0.21 ms, found 0 plugins.
Preloading 0 native plugins for Editor in 0.00 ms.
Invoked RoslynAnalysisRunner static constructor.
RoslynAnalysisRunner will not be running.
RoslynAnalysisRunner has terminated.
Mono: successfully reloaded assembly
- Completed reload, in  0.596 seconds
Platform modules already initialized, skipping
Refreshing native plugins compatible for Editor in 0.20 ms, found 0 plugins.
Preloading 0 native plugins for Editor in 0.00 ms.
Unloading 1117 Unused Serialized files (Serialized files now loaded: 0)
System memory in use before: 59.6 MB.
System memory in use after: 59.7 MB.

Unloading 4 unused Assets to reduce memory usage. Loaded Objects now: 1563.
Total: 1.509300 ms (FindLiveObjects: 0.133400 ms CreateObjectMapping: 0.026400 ms MarkObjects: 1.335500 ms  DeleteObjects: 0.013100 ms)

========================================================================
Received Import Request.
  Time since last request: 503.169885 seconds.
  path: Assets/Scripts/AudioController.cs
  artifactKey: Guid(cc830e72ad4743148bd52011baf48b1b) Importer(815301076,1909f56bfc062723c751e8b465ee728b)
Start importing Assets/Scripts/AudioController.cs using Guid(cc830e72ad4743148bd52011baf48b1b) Importer(815301076,1909f56bfc062723c751e8b465ee728b)  -> (artifact id: 'ecad2a9549e36f59fa66b941a4806b15') in 0.004967 seconds
  Import took 0.006550 seconds .

========================================================================
Received Prepare
Registering precompiled user dll's ...
Registered in 0.000599 seconds.
Begin MonoManager ReloadAssembly
Native extension for WindowsStandalone target not found
Refreshing native plugins compatible for Editor in 0.21 ms, found 0 plugins.
Preloading 0 native plugins for Editor in 0.00 ms.
Invoked RoslynAnalysisRunner static constructor.
RoslynAnalysisRunner will not be running.
RoslynAnalysisRunner has terminated.
Mono: successfully reloaded assembly
- Completed reload, in  0.603 seconds
Platform modules already initialized, skipping
Refreshing native plugins compatible for Editor in 0.21 ms, found 0 plugins.
Preloading 0 native plugins for Editor in 0.00 ms.
Unloading 1118 Unused Serialized files (Serialized files now loaded: 0)
System memory in use before: 59.7 MB.
System memory in use after: 59.8 MB.

Unloading 4 unused Assets to reduce memory usage. Loaded Objects now: 1565.
Total: 1.282000 ms (FindLiveObjects: 0.121400 ms CreateObjectMapping: 0.023000 ms MarkObjects: 1.126900 ms  DeleteObjects: 0.009800 ms)

========================================================================
Received Prepare
Registering precompiled user dll's ...
Registered in 0.000615 seconds.
Begin MonoManager ReloadAssembly
Native extension for WindowsStandalone target not found
Refreshing native plugins compatible for Editor in 0.21 ms, found 0 plugins.
Preloading 0 native plugins for Editor in 0.00 ms.
Invoked RoslynAnalysisRunner static constructor.
RoslynAnalysisRunner will not be running.
RoslynAnalysisRunner has terminated.
Mono: successfully reloaded assembly
- Completed reload, in  0.603 seconds
Platform modules already initialized, skipping
Refreshing native plugins compatible for Editor in 0.18 ms, found 0 plugins.
Preloading 0 native plugins for Editor in 0.00 ms.
Unloading 1118 Unused Serialized files (Serialized files now loaded: 0)
System memory in use before: 59.9 MB.
System memory in use after: 60.0 MB.

Unloading 4 unused Assets to reduce memory usage. Loaded Objects now: 1567.
Total: 1.507600 ms (FindLiveObjects: 0.125900 ms CreateObjectMapping: 0.022700 ms MarkObjects: 1.343700 ms  DeleteObjects: 0.014400 ms)

========================================================================
Received Prepare
Registering precompiled user dll's ...
Registered in 0.000623 seconds.
Begin MonoManager ReloadAssembly
Native extension for WindowsStandalone target not found
Refreshing native plugins compatible for Editor in 0.21 ms, found 0 plugins.
Preloading 0 native plugins for Editor in 0.00 ms.
Invoked RoslynAnalysisRunner static constructor.
RoslynAnalysisRunner will not be running.
RoslynAnalysisRunner has terminated.
Mono: successfully reloaded assembly
- Completed reload, in  0.614 seconds
Platform modules already initialized, skipping
Refreshing native plugins compatible for Editor in 0.22 ms, found 0 plugins.
Preloading 0 native plugins for Editor in 0.00 ms.
Unloading 1118 Unused Serialized files (Serialized files now loaded: 0)
System memory in use before: 60.0 MB.
System memory in use after: 60.1 MB.

Unloading 4 unused Assets to reduce memory usage. Loaded Objects now: 1569.
Total: 1.377600 ms (FindLiveObjects: 0.123200 ms CreateObjectMapping: 0.022800 ms MarkObjects: 1.215800 ms  DeleteObjects: 0.014300 ms)

========================================================================
Received Import Request.
  Time since last request: 48.491340 seconds.
  path: Assets/Scenes/Main Menu.unity
  artifactKey: Guid(b682d6fbb7513a04b8c1056147f2f211) Importer(815301076,1909f56bfc062723c751e8b465ee728b)
Start importing Assets/Scenes/Main Menu.unity using Guid(b682d6fbb7513a04b8c1056147f2f211) Importer(815301076,1909f56bfc062723c751e8b465ee728b)  -> (artifact id: '5b3cce7acf3e8d5de5c90775adc6a9f3') in 0.010591 seconds
  Import took 0.012334 seconds .

========================================================================
Received Import Request.
  Time since last request: 18.065006 seconds.
  path: Assets/Scenes/Tutorial.unity
  artifactKey: Guid(9fc0d4010bbf28b4594072e72b8655ab) Importer(815301076,1909f56bfc062723c751e8b465ee728b)
Start importing Assets/Scenes/Tutorial.unity using Guid(9fc0d4010bbf28b4594072e72b8655ab) Importer(815301076,1909f56bfc062723c751e8b465ee728b)  -> (artifact id: '5927cf6993fbae8b6a6c6f6a17586b6e') in 0.003877 seconds
  Import took 0.005567 seconds .

========================================================================
Received Import Request.
  Time since last request: 26.586386 seconds.
  path: Assets/Scenes/Level1.unity
  artifactKey: Guid(6c555ae5ec9f5c44f91d4314874e569f) Importer(815301076,1909f56bfc062723c751e8b465ee728b)
Start importing Assets/Scenes/Level1.unity using Guid(6c555ae5ec9f5c44f91d4314874e569f) Importer(815301076,1909f56bfc062723c751e8b465ee728b)  -> (artifact id: '73d5c9f0f2eeec878a4b8dd4d8f8772f') in 0.004047 seconds
  Import took 0.005731 seconds .

========================================================================
Received Import Request.
  Time since last request: 13.674811 seconds.
  path: Assets/Scenes/Level2.unity
  artifactKey: Guid(43742f29b420d794e927c6477fe5efe2) Importer(815301076,1909f56bfc062723c751e8b465ee728b)
Start importing Assets/Scenes/Level2.unity using Guid(43742f29b420d794e927c6477fe5efe2) Importer(815301076,1909f56bfc062723c751e8b465ee728b)  -> (artifact id: '82f57e86db32709c0a2f60c90a852c86') in 0.003893 seconds
  Import took 0.005616 seconds .

========================================================================
Received Import Request.
  Time since last request: 18.657585 seconds.
  path: Assets/Scenes/Level3.unity
  artifactKey: Guid(fa7d1c1eb5254ff469c97dafd50083a3) Importer(815301076,1909f56bfc062723c751e8b465ee728b)
Start importing Assets/Scenes/Level3.unity using Guid(fa7d1c1eb5254ff469c97dafd50083a3) Importer(815301076,1909f56bfc062723c751e8b465ee728b)  -> (artifact id: '59d227d5b96c76bbb2caacbafab463f9') in 0.003908 seconds
  Import took 0.005717 seconds .

========================================================================
Received Import Request.
  Time since last request: 5.475975 seconds.
  path: Assets/Scenes/You Lose.unity
  artifactKey: Guid(0664719a28dc6aa4299b46e9e4863cf1) Importer(815301076,1909f56bfc062723c751e8b465ee728b)
Start importing Assets/Scenes/You Lose.unity using Guid(0664719a28dc6aa4299b46e9e4863cf1) Importer(815301076,1909f56bfc062723c751e8b465ee728b)  -> (artifact id: '707f3d7859589441e3df2313a8c003bd') in 0.003940 seconds
  Import took 0.005717 seconds .

========================================================================
Received Import Request.
  Time since last request: 41.546301 seconds.
  path: Assets/Scenes/You Lose.unity
  artifactKey: Guid(0664719a28dc6aa4299b46e9e4863cf1) Importer(815301076,1909f56bfc062723c751e8b465ee728b)
Start importing Assets/Scenes/You Lose.unity using Guid(0664719a28dc6aa4299b46e9e4863cf1) Importer(815301076,1909f56bfc062723c751e8b465ee728b)  -> (artifact id: '1ee6ebb0763e372753e8ba496a238a7b') in 0.003745 seconds
  Import took 0.005518 seconds .

========================================================================
Received Prepare
Registering precompiled user dll's ...
Registered in 0.000560 seconds.
Begin MonoManager ReloadAssembly
Native extension for WindowsStandalone target not found
Refreshing native plugins compatible for Editor in 0.20 ms, found 0 plugins.
Preloading 0 native plugins for Editor in 0.00 ms.
Invoked RoslynAnalysisRunner static constructor.
RoslynAnalysisRunner will not be running.
RoslynAnalysisRunner has terminated.
Mono: successfully reloaded assembly
- Completed reload, in  0.610 seconds
Platform modules already initialized, skipping
Refreshing native plugins compatible for Editor in 0.17 ms, found 0 plugins.
Preloading 0 native plugins for Editor in 0.00 ms.
Unloading 1118 Unused Serialized files (Serialized files now loaded: 0)
System memory in use before: 60.1 MB.
System memory in use after: 60.2 MB.

Unloading 4 unused Assets to reduce memory usage. Loaded Objects now: 1571.
Total: 1.426500 ms (FindLiveObjects: 0.124900 ms CreateObjectMapping: 0.022400 ms MarkObjects: 1.265700 ms  DeleteObjects: 0.012600 ms)

========================================================================
Received Import Request.
  Time since last request: 52.796372 seconds.
  path: Assets/Scenes/You Lose.unity
  artifactKey: Guid(0664719a28dc6aa4299b46e9e4863cf1) Importer(815301076,1909f56bfc062723c751e8b465ee728b)
Start importing Assets/Scenes/You Lose.unity using Guid(0664719a28dc6aa4299b46e9e4863cf1) Importer(815301076,1909f56bfc062723c751e8b465ee728b)  -> (artifact id: '34b13f8d18530bc02e49411ff8b75ea1') in 0.009667 seconds
  Import took 0.011431 seconds .

========================================================================
Received Prepare
Registering precompiled user dll's ...
Registered in 0.000597 seconds.
Begin MonoManager ReloadAssembly
Native extension for WindowsStandalone target not found
Refreshing native plugins compatible for Editor in 0.20 ms, found 0 plugins.
Preloading 0 native plugins for Editor in 0.00 ms.
Invoked RoslynAnalysisRunner static constructor.
RoslynAnalysisRunner will not be running.
RoslynAnalysisRunner has terminated.
Mono: successfully reloaded assembly
- Completed reload, in  0.610 seconds
Platform modules already initialized, skipping
Refreshing native plugins compatible for Editor in 0.20 ms, found 0 plugins.
Preloading 0 native plugins for Editor in 0.00 ms.
Unloading 1118 Unused Serialized files (Serialized files now loaded: 0)
System memory in use before: 60.2 MB.
System memory in use after: 60.3 MB.

Unloading 4 unused Assets to reduce memory usage. Loaded Objects now: 1573.
Total: 1.453100 ms (FindLiveObjects: 0.136900 ms CreateObjectMapping: 0.026800 ms MarkObjects: 1.273800 ms  DeleteObjects: 0.014700 ms)

========================================================================
Received Prepare
Registering precompiled user dll's ...
Registered in 0.000655 seconds.
Begin MonoManager ReloadAssembly
Native extension for WindowsStandalone target not found
Refreshing native plugins compatible for Editor in 0.21 ms, found 0 plugins.
Preloading 0 native plugins for Editor in 0.00 ms.
Invoked RoslynAnalysisRunner static constructor.
RoslynAnalysisRunner will not be running.
RoslynAnalysisRunner has terminated.
Mono: successfully reloaded assembly
- Completed reload, in  0.622 seconds
Platform modules already initialized, skipping
Refreshing native plugins compatible for Editor in 0.19 ms, found 0 plugins.
Preloading 0 native plugins for Editor in 0.00 ms.
Unloading 1118 Unused Serialized files (Serialized files now loaded: 0)
System memory in use before: 60.4 MB.
System memory in use after: 60.5 MB.

Unloading 4 unused Assets to reduce memory usage. Loaded Objects now: 1575.
Total: 1.253300 ms (FindLiveObjects: 0.124700 ms CreateObjectMapping: 0.023600 ms MarkObjects: 1.095800 ms  DeleteObjects: 0.008500 ms)

========================================================================
Received Prepare
Registering precompiled user dll's ...
Registered in 0.000663 seconds.
Begin MonoManager ReloadAssembly
Native extension for WindowsStandalone target not found
Refreshing native plugins compatible for Editor in 0.20 ms, found 0 plugins.
Preloading 0 native plugins for Editor in 0.00 ms.
Invoked RoslynAnalysisRunner static constructor.
RoslynAnalysisRunner will not be running.
RoslynAnalysisRunner has terminated.
Mono: successfully reloaded assembly
- Completed reload, in  0.624 seconds
Platform modules already initialized, skipping
Refreshing native plugins compatible for Editor in 0.21 ms, found 0 plugins.
Preloading 0 native plugins for Editor in 0.00 ms.
Unloading 1118 Unused Serialized files (Serialized files now loaded: 0)
System memory in use before: 60.5 MB.
System memory in use after: 60.6 MB.

Unloading 4 unused Assets to reduce memory usage. Loaded Objects now: 1577.
Total: 1.579700 ms (FindLiveObjects: 0.127400 ms CreateObjectMapping: 0.024000 ms MarkObjects: 1.409200 ms  DeleteObjects: 0.018000 ms)

========================================================================
Received Import Request.
  Time since last request: 436.350486 seconds.
  path: Assets/Scripts/PauseAudio.cs
  artifactKey: Guid(3a7cb0aec378cdb4b9c435cb8d925fcf) Importer(815301076,1909f56bfc062723c751e8b465ee728b)
Start importing Assets/Scripts/PauseAudio.cs using Guid(3a7cb0aec378cdb4b9c435cb8d925fcf) Importer(815301076,1909f56bfc062723c751e8b465ee728b)  -> (artifact id: '4efeeca08d8d2c3efb48bd391522c58c') in 0.005728 seconds
  Import took 0.007570 seconds .

========================================================================
Received Import Request.
  Time since last request: 4.053190 seconds.
  path: Assets/Scripts/MusicControl.cs
  artifactKey: Guid(09f986c97508d184fb82f30d989cbd58) Importer(815301076,1909f56bfc062723c751e8b465ee728b)
Start importing Assets/Scripts/MusicControl.cs using Guid(09f986c97508d184fb82f30d989cbd58) Importer(815301076,1909f56bfc062723c751e8b465ee728b)  -> (artifact id: '1dddba6561a8a98722b6382da08e98b7') in 0.003584 seconds
  Import took 0.005252 seconds .

========================================================================
Received Prepare
Registering precompiled user dll's ...
Registered in 0.000717 seconds.
Begin MonoManager ReloadAssembly
Native extension for WindowsStandalone target not found
Refreshing native plugins compatible for Editor in 0.22 ms, found 0 plugins.
Preloading 0 native plugins for Editor in 0.00 ms.
Invoked RoslynAnalysisRunner static constructor.
RoslynAnalysisRunner will not be running.
RoslynAnalysisRunner has terminated.
Mono: successfully reloaded assembly
- Completed reload, in  0.643 seconds
Platform modules already initialized, skipping
Refreshing native plugins compatible for Editor in 0.21 ms, found 0 plugins.
Preloading 0 native plugins for Editor in 0.00 ms.
Unloading 1117 Unused Serialized files (Serialized files now loaded: 0)
System memory in use before: 60.5 MB.
System memory in use after: 60.6 MB.

Unloading 5 unused Assets to reduce memory usage. Loaded Objects now: 1578.
Total: 1.295600 ms (FindLiveObjects: 0.136000 ms CreateObjectMapping: 0.023700 ms MarkObjects: 1.124800 ms  DeleteObjects: 0.010400 ms)

========================================================================
Received Import Request.
  Time since last request: 19.098598 seconds.
  path: Assets/Scenes/Tutorial.unity
  artifactKey: Guid(9fc0d4010bbf28b4594072e72b8655ab) Importer(815301076,1909f56bfc062723c751e8b465ee728b)
Start importing Assets/Scenes/Tutorial.unity using Guid(9fc0d4010bbf28b4594072e72b8655ab) Importer(815301076,1909f56bfc062723c751e8b465ee728b)  -> (artifact id: 'b283bc537095c4d6a046588ad2f9d9ee') in 0.010001 seconds
  Import took 0.011728 seconds .

========================================================================
Received Import Request.
  Time since last request: 10.017451 seconds.
  path: Assets/Scenes/Level1.unity
  artifactKey: Guid(6c555ae5ec9f5c44f91d4314874e569f) Importer(815301076,1909f56bfc062723c751e8b465ee728b)
Start importing Assets/Scenes/Level1.unity using Guid(6c555ae5ec9f5c44f91d4314874e569f) Importer(815301076,1909f56bfc062723c751e8b465ee728b)  -> (artifact id: '60833d79ca027f0ee668fb95a57c3971') in 0.003952 seconds
  Import took 0.005621 seconds .

========================================================================
Received Import Request.
  Time since last request: 7.931343 seconds.
  path: Assets/Scenes/Level2.unity
  artifactKey: Guid(43742f29b420d794e927c6477fe5efe2) Importer(815301076,1909f56bfc062723c751e8b465ee728b)
Start importing Assets/Scenes/Level2.unity using Guid(43742f29b420d794e927c6477fe5efe2) Importer(815301076,1909f56bfc062723c751e8b465ee728b)  -> (artifact id: 'c004191d36160651453318d5e85a290a') in 0.003732 seconds
  Import took 0.005448 seconds .

========================================================================
Received Import Request.
  Time since last request: 44.612804 seconds.
  path: Assets/Scenes/You Lose.unity
  artifactKey: Guid(0664719a28dc6aa4299b46e9e4863cf1) Importer(815301076,1909f56bfc062723c751e8b465ee728b)
Start importing Assets/Scenes/You Lose.unity using Guid(0664719a28dc6aa4299b46e9e4863cf1) Importer(815301076,1909f56bfc062723c751e8b465ee728b)  -> (artifact id: '32e2928e214a7c00b3f12697346ac2d1') in 0.009147 seconds
  Import took 0.010839 seconds .

========================================================================
Received Import Request.
  Time since last request: 69.869044 seconds.
  path: Assets/Scenes/Main Menu.unity
  artifactKey: Guid(b682d6fbb7513a04b8c1056147f2f211) Importer(815301076,1909f56bfc062723c751e8b465ee728b)
Start importing Assets/Scenes/Main Menu.unity using Guid(b682d6fbb7513a04b8c1056147f2f211) Importer(815301076,1909f56bfc062723c751e8b465ee728b)  -> (artifact id: 'dac35f1fc39c3003f7976ea8d2b54002') in 0.003669 seconds
  Import took 0.005335 seconds .

========================================================================
Received Prepare
Registering precompiled user dll's ...
Registered in 0.000861 seconds.
Begin MonoManager ReloadAssembly
Native extension for WindowsStandalone target not found
Refreshing native plugins compatible for Editor in 0.20 ms, found 0 plugins.
Preloading 0 native plugins for Editor in 0.00 ms.
Invoked RoslynAnalysisRunner static constructor.
RoslynAnalysisRunner will not be running.
RoslynAnalysisRunner has terminated.
Mono: successfully reloaded assembly
- Completed reload, in  0.646 seconds
Platform modules already initialized, skipping
Refreshing native plugins compatible for Editor in 0.18 ms, found 0 plugins.
Preloading 0 native plugins for Editor in 0.00 ms.
Unloading 1117 Unused Serialized files (Serialized files now loaded: 0)
System memory in use before: 60.7 MB.
System memory in use after: 60.8 MB.

Unloading 4 unused Assets to reduce memory usage. Loaded Objects now: 1580.
Total: 1.276900 ms (FindLiveObjects: 0.134800 ms CreateObjectMapping: 0.023000 ms MarkObjects: 1.109300 ms  DeleteObjects: 0.009000 ms)

========================================================================
Received Prepare
Registering precompiled user dll's ...
Registered in 0.000584 seconds.
Begin MonoManager ReloadAssembly
Native extension for WindowsStandalone target not found
Refreshing native plugins compatible for Editor in 0.20 ms, found 0 plugins.
Preloading 0 native plugins for Editor in 0.00 ms.
Invoked RoslynAnalysisRunner static constructor.
RoslynAnalysisRunner will not be running.
RoslynAnalysisRunner has terminated.
Mono: successfully reloaded assembly
- Completed reload, in  0.656 seconds
Platform modules already initialized, skipping
Refreshing native plugins compatible for Editor in 0.21 ms, found 0 plugins.
Preloading 0 native plugins for Editor in 0.00 ms.
Unloading 1117 Unused Serialized files (Serialized files now loaded: 0)
System memory in use before: 60.8 MB.
System memory in use after: 60.9 MB.

Unloading 4 unused Assets to reduce memory usage. Loaded Objects now: 1582.
Total: 1.336900 ms (FindLiveObjects: 0.131400 ms CreateObjectMapping: 0.024600 ms MarkObjects: 1.169700 ms  DeleteObjects: 0.010400 ms)

========================================================================
Received Import Request.
  Time since last request: 1071.628293 seconds.
  path: Assets/Scenes/You Lose.unity
  artifactKey: Guid(0664719a28dc6aa4299b46e9e4863cf1) Importer(815301076,1909f56bfc062723c751e8b465ee728b)
Start importing Assets/Scenes/You Lose.unity using Guid(0664719a28dc6aa4299b46e9e4863cf1) Importer(815301076,1909f56bfc062723c751e8b465ee728b)  -> (artifact id: '47c8368112e736a7970cad4e9addbaf0') in 0.009869 seconds
  Import took 0.011641 seconds .

========================================================================
Received Import Request.
  Time since last request: 291.423465 seconds.
  path: Assets/Scripts/PlayerController.cs
  artifactKey: Guid(bcf9aae2be8ca6e4ba5dc2ac469b4336) Importer(815301076,1909f56bfc062723c751e8b465ee728b)
Start importing Assets/Scripts/PlayerController.cs using Guid(bcf9aae2be8ca6e4ba5dc2ac469b4336) Importer(815301076,1909f56bfc062723c751e8b465ee728b)  -> (artifact id: 'b7aa60abcbd4af02855e2f95df3a48fd') in 0.003635 seconds
  Import took 0.005463 seconds .

========================================================================
Received Import Request.
  Time since last request: 0.021841 seconds.
  path: Assets/Scripts/PlayerController.cs
  artifactKey: Guid(bcf9aae2be8ca6e4ba5dc2ac469b4336) Importer(815301076,1909f56bfc062723c751e8b465ee728b)
Start importing Assets/Scripts/PlayerController.cs using Guid(bcf9aae2be8ca6e4ba5dc2ac469b4336) Importer(815301076,1909f56bfc062723c751e8b465ee728b)  -> (artifact id: 'b7aa60abcbd4af02855e2f95df3a48fd') in 0.003245 seconds
  Import took 0.004902 seconds .

========================================================================
Received Prepare
Registering precompiled user dll's ...
Registered in 0.000641 seconds.
Begin MonoManager ReloadAssembly
Native extension for WindowsStandalone target not found
Refreshing native plugins compatible for Editor in 0.20 ms, found 0 plugins.
Preloading 0 native plugins for Editor in 0.00 ms.
Invoked RoslynAnalysisRunner static constructor.
RoslynAnalysisRunner will not be running.
RoslynAnalysisRunner has terminated.
Mono: successfully reloaded assembly
- Completed reload, in  0.650 seconds
Platform modules already initialized, skipping
Refreshing native plugins compatible for Editor in 0.19 ms, found 0 plugins.
Preloading 0 native plugins for Editor in 0.00 ms.
Unloading 1117 Unused Serialized files (Serialized files now loaded: 0)
System memory in use before: 60.9 MB.
System memory in use after: 61.0 MB.

Unloading 4 unused Assets to reduce memory usage. Loaded Objects now: 1584.
Total: 1.480200 ms (FindLiveObjects: 0.133000 ms CreateObjectMapping: 0.023000 ms MarkObjects: 1.309600 ms  DeleteObjects: 0.013600 ms)

========================================================================
Received Prepare
Registering precompiled user dll's ...
Registered in 0.000825 seconds.
Begin MonoManager ReloadAssembly
Native extension for WindowsStandalone target not found
Refreshing native plugins compatible for Editor in 0.21 ms, found 0 plugins.
Preloading 0 native plugins for Editor in 0.00 ms.
Invoked RoslynAnalysisRunner static constructor.
RoslynAnalysisRunner will not be running.
RoslynAnalysisRunner has terminated.
Mono: successfully reloaded assembly
- Completed reload, in  0.665 seconds
Platform modules already initialized, skipping
Refreshing native plugins compatible for Editor in 0.21 ms, found 0 plugins.
Preloading 0 native plugins for Editor in 0.00 ms.
Unloading 1117 Unused Serialized files (Serialized files now loaded: 0)
System memory in use before: 61.0 MB.
System memory in use after: 61.1 MB.

Unloading 4 unused Assets to reduce memory usage. Loaded Objects now: 1586.
Total: 1.313300 ms (FindLiveObjects: 0.132400 ms CreateObjectMapping: 0.023800 ms MarkObjects: 1.146300 ms  DeleteObjects: 0.010200 ms)

========================================================================
Received Import Request.
  Time since last request: 154.124847 seconds.
  path: Assets/Scenes/You Lose.unity
  artifactKey: Guid(0664719a28dc6aa4299b46e9e4863cf1) Importer(815301076,1909f56bfc062723c751e8b465ee728b)
Start importing Assets/Scenes/You Lose.unity using Guid(0664719a28dc6aa4299b46e9e4863cf1) Importer(815301076,1909f56bfc062723c751e8b465ee728b)  -> (artifact id: 'aeb6ae0f42b6bd71f3212320c0e1698c') in 0.009946 seconds
  Import took 0.011732 seconds .

========================================================================
Received Prepare
Registering precompiled user dll's ...
Registered in 0.000598 seconds.
Begin MonoManager ReloadAssembly
Native extension for WindowsStandalone target not found
Refreshing native plugins compatible for Editor in 0.22 ms, found 0 plugins.
Preloading 0 native plugins for Editor in 0.00 ms.
Invoked RoslynAnalysisRunner static constructor.
RoslynAnalysisRunner will not be running.
RoslynAnalysisRunner has terminated.
Mono: successfully reloaded assembly
- Completed reload, in  0.668 seconds
Platform modules already initialized, skipping
Refreshing native plugins compatible for Editor in 0.22 ms, found 0 plugins.
Preloading 0 native plugins for Editor in 0.00 ms.
Unloading 1117 Unused Serialized files (Serialized files now loaded: 0)
System memory in use before: 61.2 MB.
System memory in use after: 61.3 MB.

Unloading 4 unused Assets to reduce memory usage. Loaded Objects now: 1588.
Total: 1.409000 ms (FindLiveObjects: 0.139700 ms CreateObjectMapping: 0.023700 ms MarkObjects: 1.232500 ms  DeleteObjects: 0.012400 ms)

========================================================================
Received Prepare
Registering precompiled user dll's ...
Registered in 0.000663 seconds.
Begin MonoManager ReloadAssembly
Native extension for WindowsStandalone target not found
Refreshing native plugins compatible for Editor in 0.21 ms, found 0 plugins.
Preloading 0 native plugins for Editor in 0.00 ms.
Invoked RoslynAnalysisRunner static constructor.
RoslynAnalysisRunner will not be running.
RoslynAnalysisRunner has terminated.
Mono: successfully reloaded assembly
- Completed reload, in  0.670 seconds
Platform modules already initialized, skipping
Refreshing native plugins compatible for Editor in 0.20 ms, found 0 plugins.
Preloading 0 native plugins for Editor in 0.00 ms.
Unloading 1117 Unused Serialized files (Serialized files now loaded: 0)
System memory in use before: 61.3 MB.
System memory in use after: 61.4 MB.

Unloading 4 unused Assets to reduce memory usage. Loaded Objects now: 1590.
Total: 1.301500 ms (FindLiveObjects: 0.140300 ms CreateObjectMapping: 0.022600 ms MarkObjects: 1.128300 ms  DeleteObjects: 0.009500 ms)

========================================================================
Received Prepare
Registering precompiled user dll's ...
Registered in 0.000773 seconds.
Begin MonoManager ReloadAssembly
Native extension for WindowsStandalone target not found
Refreshing native plugins compatible for Editor in 0.21 ms, found 0 plugins.
Preloading 0 native plugins for Editor in 0.00 ms.
Invoked RoslynAnalysisRunner static constructor.
RoslynAnalysisRunner will not be running.
RoslynAnalysisRunner has terminated.
Mono: successfully reloaded assembly
- Completed reload, in  0.693 seconds
Platform modules already initialized, skipping
Refreshing native plugins compatible for Editor in 0.21 ms, found 0 plugins.
Preloading 0 native plugins for Editor in 0.00 ms.
Unloading 1117 Unused Serialized files (Serialized files now loaded: 0)
System memory in use before: 61.4 MB.
System memory in use after: 61.5 MB.

Unloading 4 unused Assets to reduce memory usage. Loaded Objects now: 1592.
Total: 1.338100 ms (FindLiveObjects: 0.145800 ms CreateObjectMapping: 0.023500 ms MarkObjects: 1.157100 ms  DeleteObjects: 0.010900 ms)

========================================================================
Received Prepare
Registering precompiled user dll's ...
Registered in 0.000550 seconds.
Begin MonoManager ReloadAssembly
Native extension for WindowsStandalone target not found
Refreshing native plugins compatible for Editor in 0.32 ms, found 0 plugins.
Preloading 0 native plugins for Editor in 0.00 ms.
Invoked RoslynAnalysisRunner static constructor.
RoslynAnalysisRunner will not be running.
RoslynAnalysisRunner has terminated.
Mono: successfully reloaded assembly
- Completed reload, in  0.697 seconds
Platform modules already initialized, skipping
Refreshing native plugins compatible for Editor in 0.20 ms, found 0 plugins.
Preloading 0 native plugins for Editor in 0.00 ms.
Unloading 1117 Unused Serialized files (Serialized files now loaded: 0)
System memory in use before: 61.5 MB.
System memory in use after: 61.6 MB.

Unloading 4 unused Assets to reduce memory usage. Loaded Objects now: 1594.
Total: 1.309400 ms (FindLiveObjects: 0.141900 ms CreateObjectMapping: 0.027300 ms MarkObjects: 1.129100 ms  DeleteObjects: 0.010200 ms)

========================================================================
Received Prepare
Refreshing native plugins compatible for Editor in 1.22 ms, found 0 plugins.
Preloading 0 native plugins for Editor in 0.00 ms.
Unloading 5 Unused Serialized files (Serialized files now loaded: 0)
System memory in use before: 39.5 MB.
System memory in use after: 39.6 MB.

Unloading 2 unused Assets to reduce memory usage. Loaded Objects now: 1594.
Total: 1.362300 ms (FindLiveObjects: 0.142900 ms CreateObjectMapping: 0.023600 ms MarkObjects: 1.180700 ms  DeleteObjects: 0.014400 ms)

AssetImportWorkerClient::OnTransportError - code=2 error=End of file
